[debug] [2021-06-04T11:01:16.352Z] ----------------------------------------------------------------------
[debug] [2021-06-04T11:01:16.356Z] Command:       C:\Program Files\nodejs\node.exe C:\Users\ujjwa\AppData\Roaming\npm\node_modules\firebase-tools\lib\bin\firebase.js emulators:start
[debug] [2021-06-04T11:01:16.356Z] CLI Version:   9.10.2
[debug] [2021-06-04T11:01:16.356Z] Platform:      win32
[debug] [2021-06-04T11:01:16.356Z] Node Version:  v12.18.4
[debug] [2021-06-04T11:01:16.358Z] Time:          Fri Jun 04 2021 16:31:16 GMT+0530 (India Standard Time)
[debug] [2021-06-04T11:01:16.358Z] ----------------------------------------------------------------------
[debug] 
[debug] [2021-06-04T11:01:16.367Z] > command requires scopes: ["email","openid","https://www.googleapis.com/auth/cloudplatformprojects.readonly","https://www.googleapis.com/auth/firebase","https://www.googleapis.com/auth/cloud-platform"]
[debug] [2021-06-04T11:01:16.367Z] > authorizing via signed-in user (leonidus880@gmail.com)
[info] i  emulators: Starting emulators: auth {"metadata":{"emulator":{"name":"hub"},"message":"Starting emulators: auth"}}
[debug] [2021-06-04T11:01:18.422Z] [hub] writing locator at C:\Users\ujjwa\AppData\Local\Temp\hub-library-d77b5.json
[warn] !  auth: Port 6000 is restricted by some web browsers, including Chrome. You may want to choose a different port such as 6001. {"metadata":{"emulator":{"name":"auth"},"message":"Port 6000 is restricted by some web browsers, including Chrome. You may want to choose a different port such as 6001."}}
[debug] [2021-06-04T11:01:27.036Z] Ignoring unsupported arg: auto_download {"metadata":{"emulator":{"name":"ui"},"message":"Ignoring unsupported arg: auto_download"}}
[debug] [2021-06-04T11:01:27.036Z] Ignoring unsupported arg: port {"metadata":{"emulator":{"name":"ui"},"message":"Ignoring unsupported arg: port"}}
[debug] [2021-06-04T11:01:27.036Z] Starting Emulator UI with command {"binary":"node","args":["C:\\Users\\ujjwa\\.cache\\firebase\\emulators\\ui-v1.4.2\\server.bundle.js"],"optionalArgs":[],"joinArgs":false} {"metadata":{"emulator":{"name":"ui"},"message":"Starting Emulator UI with command {\"binary\":\"node\",\"args\":[\"C:\\\\Users\\\\ujjwa\\\\.cache\\\\firebase\\\\emulators\\\\ui-v1.4.2\\\\server.bundle.js\"],\"optionalArgs\":[],\"joinArgs\":false}"}}
[info] i  ui: Emulator UI logging to ui-debug.log {"metadata":{"emulator":{"name":"ui"},"message":"Emulator UI logging to \u001b[1mui-debug.log\u001b[22m"}}
[debug] [2021-06-04T11:01:27.181Z] Web / API server started at http://localhost:5000
 {"metadata":{"emulator":{"name":"ui"},"message":"Web / API server started at http://localhost:5000\n"}}
[info] 
┌─────────────────────────────────────────────────────────────┐
│ ✔  All emulators ready! It is now safe to connect your app. │
│ i  View Emulator UI at http://localhost:5000                │
└─────────────────────────────────────────────────────────────┘

┌────────────────┬────────────────┬────────────────────────────┐
│ Emulator       │ Host:Port      │ View in Emulator UI        │
├────────────────┼────────────────┼────────────────────────────┤
│ Authentication │ localhost:6000 │ http://localhost:5000/auth │
└────────────────┴────────────────┴────────────────────────────┘
  Emulator Hub running at localhost:4400
  Other reserved ports: 4500

Issues? Report them at https://github.com/firebase/firebase-tools/issues and attach the *-debug.log files.
 
